<?xml version="1.0" encoding="UTF-8"?>
<!-- Generated by org.testng.reporters.JUnitReportReporter -->
<testsuite hostname="ralane-mn1" name="tests.RestAssuredTest" tests="1" failures="0" timestamp="14 Dec 2015 06:29:41 GMT" time="3.538" errors="0">
  <testcase name="testRest" time="3.538" classname="tests.RestAssuredTest"/>
</testsuite> <!-- tests.RestAssuredTest -->
