<?xml version="1.0" encoding="UTF-8"?>
<!-- Generated by org.testng.reporters.JUnitReportReporter -->
<testsuite hostname="ralane-mn1" name="tests.LoginTest" tests="3" failures="0" timestamp="11 Dec 2015 09:16:03 GMT" time="0.011" errors="0">
  <testcase name="testData" time="0.001" classname="tests.LoginTest"/>
  <testcase name="testData" time="0.001" classname="tests.LoginTest"/>
  <testcase name="testData" time="0.009" classname="tests.LoginTest"/>
</testsuite> <!-- tests.LoginTest -->
